<?xml version="1.0" encoding="UTF-8"?>
<testsuite xmlns:xsi="http://www.w3.org/2001/XMLSchema-instance" xsi:noNamespaceSchemaLocation="https://maven.apache.org/surefire/maven-surefire-plugin/xsd/surefire-test-report.xsd" name="UserTest" time="0.012" tests="5" errors="0" skipped="0" failures="0">
  <properties>
    <property name="sun.desktop" value="gnome"/>
    <property name="awt.toolkit" value="sun.awt.X11.XToolkit"/>
    <property name="java.specification.version" value="11"/>
    <property name="sun.cpu.isalist" value=""/>
    <property name="sun.jnu.encoding" value="UTF-8"/>
    <property name="java.class.path" value="/home/grahamhervey/Documents/Dev/Interveiws/Integral/SocialNetworking/my-app/target/test-classes:/home/grahamhervey/Documents/Dev/Interveiws/Integral/SocialNetworking/my-app/target/classes:/home/grahamhervey/.m2/repository/junit/junit/4.11/junit-4.11.jar:/home/grahamhervey/.m2/repository/org/hamcrest/hamcrest-core/1.3/hamcrest-core-1.3.jar:"/>
    <property name="java.vm.vendor" value="AdoptOpenJDK"/>
    <property name="sun.arch.data.model" value="64"/>
    <property name="java.vendor.url" value="https://adoptopenjdk.net/"/>
    <property name="user.timezone" value=""/>
    <property name="java.vm.specification.version" value="11"/>
    <property name="os.name" value="Linux"/>
    <property name="sun.java.launcher" value="SUN_STANDARD"/>
    <property name="user.country" value="US"/>
    <property name="sun.boot.library.path" value="/home/grahamhervey/Downloads/java/jdk-11.0.6+10/lib"/>
    <property name="sun.java.command" value="/home/grahamhervey/Documents/Dev/Interveiws/Integral/SocialNetworking/my-app/target/surefire/surefirebooter15458435526114553849.jar /home/grahamhervey/Documents/Dev/Interveiws/Integral/SocialNetworking/my-app/target/surefire 2020-03-22T21-12-59_732-jvmRun1 surefire6943174296198851373tmp surefire_015887691305239926915tmp"/>
    <property name="jdk.debug" value="release"/>
    <property name="surefire.test.class.path" value="/home/grahamhervey/Documents/Dev/Interveiws/Integral/SocialNetworking/my-app/target/test-classes:/home/grahamhervey/Documents/Dev/Interveiws/Integral/SocialNetworking/my-app/target/classes:/home/grahamhervey/.m2/repository/junit/junit/4.11/junit-4.11.jar:/home/grahamhervey/.m2/repository/org/hamcrest/hamcrest-core/1.3/hamcrest-core-1.3.jar:"/>
    <property name="sun.cpu.endian" value="little"/>
    <property name="user.home" value="/home/grahamhervey"/>
    <property name="user.language" value="en"/>
    <property name="java.specification.vendor" value="Oracle Corporation"/>
    <property name="java.version.date" value="2020-01-14"/>
    <property name="java.home" value="/home/grahamhervey/Downloads/java/jdk-11.0.6+10"/>
    <property name="file.separator" value="/"/>
    <property name="basedir" value="/home/grahamhervey/Documents/Dev/Interveiws/Integral/SocialNetworking/my-app"/>
    <property name="java.vm.compressedOopsMode" value="Zero based"/>
    <property name="line.separator" value="&#10;"/>
    <property name="java.specification.name" value="Java Platform API Specification"/>
    <property name="java.vm.specification.vendor" value="Oracle Corporation"/>
    <property name="java.awt.graphicsenv" value="sun.awt.X11GraphicsEnvironment"/>
    <property name="surefire.real.class.path" value="/home/grahamhervey/Documents/Dev/Interveiws/Integral/SocialNetworking/my-app/target/surefire/surefirebooter15458435526114553849.jar"/>
    <property name="sun.management.compiler" value="HotSpot 64-Bit Tiered Compilers"/>
    <property name="java.runtime.version" value="11.0.6+10"/>
    <property name="user.name" value="grahamhervey"/>
    <property name="path.separator" value=":"/>
    <property name="os.version" value="5.3.0-7642-generic"/>
    <property name="java.runtime.name" value="OpenJDK Runtime Environment"/>
    <property name="file.encoding" value="UTF-8"/>
    <property name="java.vm.name" value="OpenJDK 64-Bit Server VM"/>
    <property name="java.vendor.version" value="AdoptOpenJDK"/>
    <property name="localRepository" value="/home/grahamhervey/.m2/repository"/>
    <property name="java.vendor.url.bug" value="https://github.com/AdoptOpenJDK/openjdk-support/issues"/>
    <property name="java.io.tmpdir" value="/tmp"/>
    <property name="java.version" value="11.0.6"/>
    <property name="user.dir" value="/home/grahamhervey/Documents/Dev/Interveiws/Integral/SocialNetworking/my-app"/>
    <property name="os.arch" value="amd64"/>
    <property name="java.vm.specification.name" value="Java Virtual Machine Specification"/>
    <property name="java.awt.printerjob" value="sun.print.PSPrinterJob"/>
    <property name="sun.os.patch.level" value="unknown"/>
    <property name="java.library.path" value="/usr/java/packages/lib:/usr/lib64:/lib64:/lib:/usr/lib"/>
    <property name="java.vendor" value="AdoptOpenJDK"/>
    <property name="java.vm.info" value="mixed mode"/>
    <property name="java.vm.version" value="11.0.6+10"/>
    <property name="sun.io.unicode.encoding" value="UnicodeLittle"/>
    <property name="java.class.version" value="55.0"/>
  </properties>
  <testcase name="testUserWithName" classname="UserTest" time="0.007"/>
  <testcase name="testPublish" classname="UserTest" time="0"/>
  <testcase name="testUserDefault" classname="UserTest" time="0"/>
  <testcase name="testFollow" classname="UserTest" time="0"/>
  <testcase name="testNewName" classname="UserTest" time="0"/>
</testsuite>